<?xml version="1.0" encoding="UTF-8"?>
<!-- Generated by org.testng.reporters.JUnitXMLReporter -->
<testsuite hostname="LAPTOP-9DU3N0SD" ignored="0" name="Default test" tests="8" failures="0" timestamp="2022-07-12T17:10:22 IST" time="0.045" errors="0">
  <testcase name="Amazon_Prime" time="0.006" classname="com.testng.concepts.Group_Concepts"/>
  <testcase name="Bike" time="0.001" classname="com.testng.concepts.Group_Concepts"/>
  <testcase name="Car" time="0.001" classname="com.testng.concepts.Group_Concepts"/>
  <testcase name="Cycle" time="0.001" classname="com.testng.concepts.Group_Concepts"/>
  <testcase name="Kurti" time="0.001" classname="com.testng.concepts.Group_Concepts"/>
  <testcase name="Lehenga" time="0.001" classname="com.testng.concepts.Group_Concepts"/>
  <testcase name="Netflix" time="0.001" classname="com.testng.concepts.Group_Concepts"/>
  <testcase name="Saree" time="0.0" classname="com.testng.concepts.Group_Concepts"/>
</testsuite> <!-- Default test -->
