<?xml version="1.0" encoding="UTF-8"?>
<!-- Generated by org.testng.reporters.JUnitXMLReporter -->
<testsuite hostname="LAPTOP-9DU3N0SD" ignored="0" name="Test" tests="1" failures="1" timestamp="2022-07-07T16:28:00 IST" time="0.038" errors="0">
  <testcase name="login" time="0.0" classname="com.testng.concepts.Parameterized_Concept">
    <failure type="org.testng.TestNGException" message="
Conversion issue on parameter: password">
      <![CDATA[org.testng.TestNGException: 
Conversion issue on parameter: password
at java.util.ArrayList.forEach(Unknown Source)
Caused by: java.lang.NumberFormatException: For input string: "I4A4Y9"
at java.lang.NumberFormatException.forInputString(Unknown Source)
at java.lang.Integer.parseInt(Unknown Source)
at java.lang.Integer.valueOf(Unknown Source)
... 27 more
... Removed 28 stack frames]]>
    </failure>
  </testcase> <!-- login -->
</testsuite> <!-- Test -->
